REMOVED 50 1 0
ADDED 49 1 0
ADDED 50 2 0
REMOVED 49 1 0
ADDED 48 1 0
ADDED 49 2 0
REMOVED 50 2 0
ADDED 50 3 0
REMOVED 48 1 0
ADDED 48 2 0
REMOVED 49 2 0
ADDED 49 3 0
REMOVED 50 3 0
ADDED 50 4 0
REMOVED 48 2 0
ADDED 47 2 0
ADDED 48 3 0
REMOVED 49 3 0
REMOVED 50 4 0
REMOVED 47 2 0
ADDED 46 2 0
ADDED 47 3 0
REMOVED 48 3 0
ADDED 48 4 0
REMOVED 46 2 0
REMOVED 47 3 0
ADDED 47 4 0
REMOVED 48 4 0
ADDED 48 5 0
REMOVED 47 4 0
ADDED 46 4 0
ADDED 47 5 0
REMOVED 48 5 0
ADDED 49 5 0
REMOVED 46 4 0
ADDED 45 4 0
REMOVED 47 5 0
ADDED 47 6 0
REMOVED 49 5 0
ADDED 49 6 0
REMOVED 45 4 0
ADDED 44 4 0
ADDED 45 5 0
REMOVED 47 6 0
REMOVED 49 6 0
ADDED 50 6 0
REMOVED 44 4 0
REMOVED 45 5 0
REMOVED 50 6 0
REMOVED 1 50 1
ADDED 2 50 1
ADDED 1 49 1
REMOVED 2 50 1
ADDED 2 49 1
REMOVED 1 49 1
REMOVED 2 49 1
ADDED 3 49 1
REMOVED 3 49 1
RESET
REMOVED 1 48 1
REMOVED 3 50 1
REMOVED 2 48 1
REMOVED 3 48 1
RESET
REMOVED 1 48 1
REMOVED 3 50 1
REMOVED 44 3 0
REMOVED 46 5 0
REMOVED 46 6 0
REMOVED 43 4 0
ADDED 42 4 0
ADDED 43 3 0
REMOVED 43 3 0
ADDED 42 3 0
REMOVED 42 4 0
ADDED 42 5 0
REMOVED 43 3 0
REMOVED 42 3 0
REMOVED 42 5 0
ADDED 41 5 0
REMOVED 41 5 0
REMOVED 44 5 0
REMOVED 41 3 0
ADDED 41 2 0
REMOVED 42 2 0
ADDED 43 2 0
REMOVED 43 2 0
ADDED 42 2 0
ADDED 44 2 0
REMOVED 44 2 0
REMOVED 45 3 0
REMOVED 50 7 0
REMOVED 49 4 0
REMOVED 46 1 0
REMOVED 41 6 0
REMOVED 41 2 0
ADDED 41 3 0
REMOVED 43 2 0
REMOVED 42 2 0
REMOVED 44 2 0
REMOVED 41 3 0
REMOVED 2 48 1
REMOVED 3 48 1
RESET
REMOVED 1 48 1
REMOVED 3 50 1
REMOVED 1 47 1
ADDED 2 47 1
REMOVED 2 47 1
REMOVED 3 48 1
REMOVED 2 48 1
REMOVED 44 1 0
REMOVED 50 8 0
REMOVED 40 5 0
ADDED 39 5 0
ADDED 40 6 0
REMOVED 40 6 0
ADDED 39 6 0
ADDED 40 5 0
REMOVED 41 7 0
REMOVED 39 5 0
ADDED 38 5 0
REMOVED 40 6 0
REMOVED 39 6 0
ADDED 39 7 0
REMOVED 40 5 0
REMOVED 38 5 0
REMOVED 39 7 0
REMOVED 1 47 1
ADDED 2 47 1
REMOVED 2 47 1
REMOVED 3 48 1
REMOVED 2 48 1
REMOVED 41 8 0
REMOVED 41 5 0
ADDED 42 5 0
REMOVED 44 6 0
REMOVED 42 3 0
ADDED 42 4 0
ADDED 43 3 0
REMOVED 43 3 0
ADDED 42 3 0
REMOVED 43 1 0
REMOVED 43 1 0
REMOVED 45 1 0
REMOVED 45 1 0
REMOVED 37 5 0
REMOVED 41 5 0
REMOVED 38 6 0
REMOVED 42 5 0
ADDED 41 5 0
REMOVED 42 4 0
REMOVED 43 3 0
REMOVED 42 3 0
REMOVED 41 5 0
REMOVED 1 47 1
ADDED 2 47 1
REMOVED 2 47 1
REMOVED 3 48 1
REMOVED 2 48 1
REMOVED 1 48 1
REMOVED 3 50 1
REMOVED 2 48 1
REMOVED 3 48 1
REMOVED 2 48 1
REMOVED 3 48 1
REMOVED 2 47 1
ADDED 1 47 1
REMOVED 1 47 1
REMOVED 1 48 1
REMOVED 3 50 1
REMOVED 4 48 1
ADDED 4 47 1
REMOVED 3 47 1
REMOVED 4 47 1
REMOVED 44 1 0
REMOVED 38 5 0
ADDED 39 5 0
REMOVED 37 4 0
ADDED 36 4 0
REMOVED 39 6 0
ADDED 39 7 0
ADDED 40 6 0
REMOVED 41 7 0
REMOVED 40 5 0
REMOVED 39 5 0
ADDED 38 5 0
ADDED 39 6 0
ADDED 40 5 0
REMOVED 36 4 0
ADDED 37 4 0
ADDED 36 3 0
REMOVED 39 7 0
REMOVED 40 6 0
REMOVED 38 5 0
REMOVED 39 6 0
REMOVED 40 5 0
REMOVED 37 4 0
REMOVED 36 3 0
REMOVED 1 48 1
REMOVED 3 50 1
REMOVED 4 48 1
ADDED 4 47 1
REMOVED 3 47 1
REMOVED 4 47 1
REMOVED 2 47 1
ADDED 1 47 1
REMOVED 1 47 1
RESET
REMOVED 1 48 1
REMOVED 3 50 1
REMOVED 37 3 0
REMOVED 41 8 0
REMOVED 41 5 0
ADDED 42 5 0
REMOVED 43 1 0
REMOVED 45 1 0
REMOVED 37 5 0
REMOVED 38 6 0
REMOVED 35 4 0
ADDED 34 4 0
ADDED 35 3 0
REMOVED 35 3 0
ADDED 34 3 0
ADDED 35 4 0
REMOVED 42 5 0
ADDED 41 5 0
ADDED 42 4 0
REMOVED 34 4 0
REMOVED 35 3 0
REMOVED 34 3 0
REMOVED 35 4 0
REMOVED 41 5 0
REMOVED 42 4 0
ADDED 42 3 0
REMOVED 42 3 0
ADDED 43 3 0
REMOVED 43 3 0
REMOVED 42 2 0
ADDED 41 2 0
ADDED 43 2 0
REMOVED 40 4 0
REMOVED 41 6 0
REMOVED 41 3 0
REMOVED 42 2 0
REMOVED 43 2 0
ADDED 42 2 0
ADDED 44 2 0
REMOVED 43 2 0
REMOVED 44 2 0
REMOVED 44 2 0
REMOVED 49 8 0
REMOVED 38 7 0
REMOVED 38 4 0
REMOVED 35 5 0
REMOVED 38 4 0
REMOVED 40 4 0
REMOVED 38 7 0
REMOVED 38 7 0
REMOVED 38 7 0
REMOVED 41 6 0
REMOVED 40 8 0
REMOVED 41 9 0
REMOVED 40 8 0
REMOVED 41 9 0
REMOVED 42 7 0
REMOVED 41 6 0
REMOVED 42 7 0
REMOVED 41 6 0
REMOVED 41 3 0
REMOVED 41 2 0
ADDED 41 3 0
REMOVED 43 2 0
REMOVED 42 2 0
REMOVED 44 2 0
REMOVED 41 3 0
REMOVED 1 47 1
ADDED 2 47 1
REMOVED 2 47 1
REMOVED 40 5 0
ADDED 39 5 0
ADDED 40 6 0
REMOVED 40 6 0
ADDED 39 6 0
ADDED 40 5 0
REMOVED 41 7 0
REMOVED 44 1 0
REMOVED 44 1 0
REMOVED 50 8 0
REMOVED 38 5 0
REMOVED 37 7 0
REMOVED 39 7 0
REMOVED 39 6 0
ADDED 39 7 0
REMOVED 37 4 0
ADDED 36 4 0
REMOVED 38 5 0
REMOVED 38 3 0
REMOVED 36 4 0
ADDED 37 4 0
ADDED 36 3 0
REMOVED 33 3 0
REMOVED 34 2 0
ADDED 35 2 0
REMOVED 35 2 0
ADDED 34 2 0
REMOVED 36 3 0
REMOVED 37 4 0
REMOVED 38 3 0
REMOVED 37 2 0
REMOVED 41 7 0
REMOVED 40 5 0
REMOVED 39 5 0
ADDED 38 5 0
REMOVED 40 6 0
REMOVED 39 6 0
REMOVED 40 5 0
REMOVED 39 7 0
REMOVED 36 4 0
REMOVED 37 4 0
REMOVED 36 3 0
REMOVED 35 2 0
REMOVED 34 2 0
REMOVED 38 5 0
REMOVED 3 48 1
REMOVED 2 48 1
REMOVED 41 5 0
ADDED 42 5 0
REMOVED 41 8 0
REMOVED 41 5 0
REMOVED 43 3 0
ADDED 42 3 0
REMOVED 43 1 0
REMOVED 43 1 0
REMOVED 45 1 0
REMOVED 48 8 0
ADDED 47 8 0
ADDED 48 7 0
REMOVED 37 5 0
REMOVED 38 6 0
REMOVED 38 8 0
REMOVED 38 6 0
REMOVED 37 3 0
REMOVED 35 4 0
ADDED 34 4 0
ADDED 35 3 0
REMOVED 35 4 0
REMOVED 34 3 0
REMOVED 33 2 0
REMOVED 35 3 0
ADDED 34 3 0
ADDED 35 4 0
REMOVED 35 1 0
REMOVED 41 8 0
REMOVED 42 3 0
ADDED 42 4 0
ADDED 43 3 0
REMOVED 42 5 0
ADDED 41 5 0
REMOVED 42 3 0
REMOVED 47 8 0
ADDED 46 8 0
ADDED 48 8 0
REMOVED 48 7 0
REMOVED 34 4 0
REMOVED 35 3 0
REMOVED 34 3 0
REMOVED 35 4 0
REMOVED 42 4 0
REMOVED 43 3 0
REMOVED 41 5 0
REMOVED 46 8 0
REMOVED 48 8 0
REMOVED 38 5 0
ADDED 39 5 0
REMOVED 37 4 0
REMOVED 39 6 0
ADDED 39 7 0
ADDED 40 6 0
REMOVED 36 3 0
REMOVED 38 3 0
REMOVED 37 2 0
REMOVED 36 4 0
REMOVED 33 3 0
REMOVED 34 2 0
REMOVED 32 2 0
ADDED 31 2 0
REMOVED 35 2 0
REMOVED 40 5 0
REMOVED 41 7 0
REMOVED 44 1 0
REMOVED 45 8 0
ADDED 45 7 0
REMOVED 47 9 0
REMOVED 39 5 0
REMOVED 39 7 0
REMOVED 40 6 0
REMOVED 31 2 0
REMOVED 45 7 0
REMOVED 37 5 0
REMOVED 38 6 0
REMOVED 37 3 0
REMOVED 33 2 0
REMOVED 35 1 0
REMOVED 41 8 0
REMOVED 43 1 0
REMOVED 45 1 0
REMOVED 44 8 0
ADDED 43 8 0
REMOVED 45 9 0
REMOVED 43 8 0
ADDED 44 8 0
REMOVED 44 8 0
REMOVED 44 9 0
ADDED 43 9 0
ADDED 44 10 0
REMOVED 48 9 0
ADDED 48 10 0
REMOVED 49 8 0
REMOVED 49 8 0
REMOVED 38 4 0
REMOVED 38 7 0
REMOVED 38 4 0
REMOVED 38 7 0
REMOVED 38 9 0
ADDED 38 10 0
REMOVED 37 1 0
REMOVED 35 5 0
REMOVED 32 3 0
ADDED 32 4 0
REMOVED 32 3 0
REMOVED 30 2 0
ADDED 30 3 0
REMOVED 36 1 0
ADDED 37 1 0
REMOVED 37 1 0
REMOVED 41 3 0
ADDED 41 2 0
REMOVED 42 2 0
REMOVED 40 4 0
REMOVED 41 6 0
REMOVED 40 4 0
REMOVED 41 6 0
REMOVED 40 8 0
REMOVED 41 9 0
REMOVED 42 7 0
REMOVED 42 7 0
REMOVED 43 2 0
ADDED 44 2 0
REMOVED 44 2 0
REMOVED 44 2 0
REMOVED 43 9 0
ADDED 44 9 0
REMOVED 43 9 0
REMOVED 44 10 0
REMOVED 48 10 0
ADDED 48 11 0
REMOVED 38 10 0
ADDED 37 10 0
ADDED 39 10 0
REMOVED 32 4 0
ADDED 32 5 0
ADDED 32 3 0
REMOVED 30 3 0
ADDED 29 3 0
ADDED 30 2 0
REMOVED 37 1 0
REMOVED 41 2 0
REMOVED 44 2 0
REMOVED 44 9 0
REMOVED 48 11 0
REMOVED 37 10 0
REMOVED 39 10 0
ADDED 40 10 0
REMOVED 32 5 0
REMOVED 32 3 0
REMOVED 29 3 0
ADDED 28 3 0
REMOVED 30 2 0
REMOVED 40 10 0
REMOVED 28 3 0
REMOVED 1 47 1
ADDED 2 47 1
REMOVED 2 47 1
REMOVED 31 2 0
REMOVED 40 6 0
REMOVED 48 12 0
REMOVED 49 10 0
REMOVED 50 8 0
REMOVED 37 7 0
REMOVED 39 7 0
REMOVED 31 4 0
REMOVED 32 6 0
REMOVED 3 48 1
REMOVED 2 48 1
REMOVED 30 2 0
ADDED 30 3 0
REMOVED 47 12 0
ADDED 47 13 0
REMOVED 48 11 0
ADDED 48 10 0
REMOVED 48 10 0
ADDED 48 11 0
ADDED 48 9 0
REMOVED 32 4 0
ADDED 32 5 0
ADDED 32 3 0
REMOVED 33 6 0
REMOVED 32 5 0
ADDED 32 4 0
REMOVED 30 3 0
ADDED 29 3 0
ADDED 30 2 0
REMOVED 47 13 0
ADDED 47 12 0
REMOVED 48 10 0
REMOVED 48 11 0
REMOVED 48 9 0
REMOVED 32 5 0
REMOVED 32 3 0
REMOVED 32 4 0
REMOVED 29 3 0
ADDED 28 3 0
REMOVED 30 2 0
REMOVED 47 12 0
REMOVED 28 3 0
REMOVED 31 2 0
REMOVED 46 13 0
REMOVED 48 12 0
REMOVED 49 10 0
REMOVED 47 9 0
REMOVED 31 4 0
REMOVED 33 3 0
REMOVED 32 2 0
REMOVED 32 6 0
REMOVED 33 7 0
ADDED 34 7 0
REMOVED 34 7 0
ADDED 35 7 0
REMOVED 35 7 0
REMOVED 35 1 0
REMOVED 41 8 0
REMOVED 43 1 0
REMOVED 43 10 0
REMOVED 43 8 0
ADDED 44 8 0
REMOVED 44 11 0
ADDED 45 11 0
REMOVED 45 9 0
REMOVED 44 8 0
ADDED 43 8 0
REMOVED 46 12 0
ADDED 46 11 0
REMOVED 47 14 0
REMOVED 50 10 0
REMOVED 47 8 0
ADDED 46 8 0
REMOVED 48 8 0
ADDED 47 8 0
ADDED 48 7 0
REMOVED 50 10 0
REMOVED 38 8 0
REMOVED 38 6 0
REMOVED 37 11 0
REMOVED 40 11 0
REMOVED 39 9 0
REMOVED 34 3 0
ADDED 34 4 0
ADDED 35 3 0
REMOVED 33 2 0
REMOVED 35 8 0
ADDED 35 9 0
ADDED 36 8 0
REMOVED 44 8 0
REMOVED 45 11 0
ADDED 44 11 0
REMOVED 43 8 0
REMOVED 46 11 0
REMOVED 46 8 0
REMOVED 47 8 0
REMOVED 48 7 0
REMOVED 34 4 0
ADDED 35 4 0
ADDED 34 3 0
REMOVED 35 3 0
REMOVED 35 9 0
ADDED 36 9 0
ADDED 35 8 0
REMOVED 36 8 0
REMOVED 44 11 0
REMOVED 35 4 0
REMOVED 34 3 0
REMOVED 36 9 0
REMOVED 35 8 0
REMOVED 36 1 0
ADDED 37 1 0
REMOVED 40 8 0
REMOVED 41 9 0
REMOVED 43 2 0
ADDED 42 2 0
ADDED 44 2 0
REMOVED 43 11 0
REMOVED 44 10 0
ADDED 44 9 0
REMOVED 43 9 0
REMOVED 44 9 0
ADDED 43 9 0
ADDED 44 10 0
REMOVED 47 15 0
